Stock  AJANTPHARM  Change -1.400820545368003 Compared price 2205.85  Actual price  2174.95
Stock  AMARAJABAT  Change -10.73959477961345 Compared price 811.782109  Actual price  724.6
Stock  APLLTD  Change -4.593274565927757 Compared price 807.490244  Actual price  770.4
Stock  AUBANK  Change -3.9661712473385604 Compared price 1136.005941  Actual price  1090.95
Stock  AUROPHARMA  Change -4.712920069193028 Compared price 772.665088  Actual price  736.25
Stock  BAJAJ-AUTO  Change -3.1640072232908865 Compared price 3895.142593  Actual price  3771.9
Stock  BANDHANBNK  Change -4.325298119298379 Compared price 296.159794  Actual price  283.35
Stock  BANKINDIA  Change -3.686538492188616 Compared price 59.856638  Actual price  57.65
Stock  BHEL  Change -3.683664228777915 Compared price 58.193659  Actual price  56.05
Stock  BIOCON  Change -4.0077569489334195 Compared price 386.75  Actual price  371.25
Stock  BPCL  Change -0.777758513053224 Compared price 435.839781  Actual price  432.45
Stock  CADILAHC  Change -0.7274028734036565 Compared price 559.066667  Actual price  555
Stock  CASTROLIND  Change -3.571384574734951 Compared price 141.24438  Actual price  136.2
Stock  CESC  Change -0.9989484752891574 Compared price 95.1  Actual price  94.15
Stock  DHANI  Change -2.7413115484966615 Compared price 192.27074  Actual price  187
Stock  ENDURANCE  Change -3.368388965096784 Compared price 1640.25  Actual price  1585
Stock  GLENMARK  Change -9.182291453331775 Compared price 565.91386  Actual price  513.95
Stock  GSPL  Change -2.295628456701279 Compared price 329.975  Actual price  322.4
Stock  GUJGASLTD  Change -3.373156111592688 Compared price 675.795642  Actual price  653
Stock  IBULHSGFIN  Change -4.340425531914889 Compared price 235.0  Actual price  224.8
Stock  IDFCFIRSTB  Change -9.28501885333111 Compared price 53.298804  Actual price  48.35
Stock  IRCON  Change -0.3166120636681804 Compared price 45.393722  Actual price  45.25
Stock  JINDALSTEL  Change -3.6021797696016744 Compared price 382.062581  Actual price  368.3
Stock  JSWSTEEL  Change -2.485399617611543 Compared price 678.257407  Actual price  661.4
Stock  L&TFH  Change -4.135977337110488 Compared price 88.25  Actual price  84.6
Stock  LUPIN  Change -3.2836818438198008 Compared price 960.437719  Actual price  928.9
Stock  MANAPPURAM  Change -4.756312389900189 Compared price 170.3  Actual price  162.2
Stock  NMDC  Change -5.046037666577856 Compared price 148.282385  Actual price  140.8
Stock  POWERGRID  Change -2.4911032028469813 Compared price 182.65  Actual price  178.1
Stock  RBLBANK  Change -3.0246624075228636 Compared price 184.273656  Actual price  178.7
Stock  SAIL  Change -6.0669749175307865 Compared price 117.796696  Actual price  110.65
Stock  SANOFI  Change -2.035914799844008 Compared price 8077.45  Actual price  7913
Stock  SBIETFIT  Change 26.608695652173914 Compared price 287.5  Actual price  364
Stock  SGBFEB29XI-GB  Change -3.3525298231180582 Compared price 4862  Actual price  4699
Stock  TATAMOTORS  Change -4.035308953341744 Compared price 317.2  Actual price  304.4
Stock  TATASTEEL  Change -2.8535843803802368 Compared price 1364.95  Actual price  1326
Stock  UPL  Change -5.989896560019245 Compared price 779.4375  Actual price  732.75
Stock  AJANTPHARM  Change -1.400820545368003 Compared price 2205.85  Actual price  2174.95
Stock  AMARAJABAT  Change -10.73959477961345 Compared price 811.782109  Actual price  724.6
Stock  APLLTD  Change -4.593274565927757 Compared price 807.490244  Actual price  770.4
Stock  AUBANK  Change -3.9661712473385604 Compared price 1136.005941  Actual price  1090.95
Stock  AUROPHARMA  Change -4.712920069193028 Compared price 772.665088  Actual price  736.25
Stock  BAJAJ-AUTO  Change -3.1640072232908865 Compared price 3895.142593  Actual price  3771.9
Stock  BANDHANBNK  Change -4.325298119298379 Compared price 296.159794  Actual price  283.35
Stock  BANKINDIA  Change -3.686538492188616 Compared price 59.856638  Actual price  57.65
Stock  BHEL  Change -3.683664228777915 Compared price 58.193659  Actual price  56.05
Stock  BIOCON  Change -4.0077569489334195 Compared price 386.75  Actual price  371.25
Stock  BPCL  Change -0.777758513053224 Compared price 435.839781  Actual price  432.45
Stock  CADILAHC  Change -0.7274028734036565 Compared price 559.066667  Actual price  555
Stock  CASTROLIND  Change -3.571384574734951 Compared price 141.24438  Actual price  136.2
Stock  CESC  Change -0.9989484752891574 Compared price 95.1  Actual price  94.15
Stock  DHANI  Change -2.7413115484966615 Compared price 192.27074  Actual price  187
Stock  ENDURANCE  Change -3.368388965096784 Compared price 1640.25  Actual price  1585
Stock  GLENMARK  Change -9.182291453331775 Compared price 565.91386  Actual price  513.95
Stock  GSPL  Change -2.295628456701279 Compared price 329.975  Actual price  322.4
Stock  GUJGASLTD  Change -3.373156111592688 Compared price 675.795642  Actual price  653
Stock  IBULHSGFIN  Change -4.340425531914889 Compared price 235.0  Actual price  224.8
Stock  IDFCFIRSTB  Change -9.28501885333111 Compared price 53.298804  Actual price  48.35
Stock  IRCON  Change -0.3166120636681804 Compared price 45.393722  Actual price  45.25
Stock  JINDALSTEL  Change -3.6021797696016744 Compared price 382.062581  Actual price  368.3
Stock  JSWSTEEL  Change -2.485399617611543 Compared price 678.257407  Actual price  661.4
Stock  L&TFH  Change -4.135977337110488 Compared price 88.25  Actual price  84.6
Stock  LUPIN  Change -3.2836818438198008 Compared price 960.437719  Actual price  928.9
Stock  MANAPPURAM  Change -4.756312389900189 Compared price 170.3  Actual price  162.2
Stock  NMDC  Change -5.046037666577856 Compared price 148.282385  Actual price  140.8
Stock  POWERGRID  Change -2.4911032028469813 Compared price 182.65  Actual price  178.1
Stock  RBLBANK  Change -3.0246624075228636 Compared price 184.273656  Actual price  178.7
Stock  SAIL  Change -6.0669749175307865 Compared price 117.796696  Actual price  110.65
Stock  SANOFI  Change -2.035914799844008 Compared price 8077.45  Actual price  7913
Stock  SBIETFIT  Change 26.608695652173914 Compared price 287.5  Actual price  364
Stock  SGBFEB29XI-GB  Change -3.3525298231180582 Compared price 4862  Actual price  4699
Stock  TATAMOTORS  Change -4.035308953341744 Compared price 317.2  Actual price  304.4
Stock  TATASTEEL  Change -2.8535843803802368 Compared price 1364.95  Actual price  1326
Stock  UPL  Change -5.989896560019245 Compared price 779.4375  Actual price  732.75
Traceback (most recent call last):
  File "kurukshetra.py", line 90, in <module>
    time.sleep(60)
KeyboardInterrupt
